[2026-04-02 12:34:55Z INFO HostContext] No proxy settings were found based on environmental variables (http_proxy/https_proxy/HTTP_PROXY/HTTPS_PROXY)
[2026-04-02 12:34:55Z INFO HostContext] Well known directory 'Bin': 'C:\Users\shlik\OneDrive\바탕 화면\antigravity\HW2\actions-runner\bin'
[2026-04-02 12:34:55Z INFO HostContext] Well known directory 'Root': 'C:\Users\shlik\OneDrive\바탕 화면\antigravity\HW2\actions-runner'
[2026-04-02 12:34:55Z INFO HostContext] Well known config file 'Credentials': 'C:\Users\shlik\OneDrive\바탕 화면\antigravity\HW2\actions-runner\.credentials'
[2026-04-02 12:34:55Z INFO HostContext] Well known directory 'Bin': 'C:\Users\shlik\OneDrive\바탕 화면\antigravity\HW2\actions-runner\bin'
[2026-04-02 12:34:55Z INFO HostContext] Well known directory 'Root': 'C:\Users\shlik\OneDrive\바탕 화면\antigravity\HW2\actions-runner'
[2026-04-02 12:34:55Z INFO HostContext] Well known config file 'Runner': 'C:\Users\shlik\OneDrive\바탕 화면\antigravity\HW2\actions-runner\.runner'
[2026-04-02 12:34:55Z INFO Listener] Runner is built for Windows (X64) - win-x64.
[2026-04-02 12:34:55Z INFO Listener] RuntimeInformation: Microsoft Windows 10.0.26200.
[2026-04-02 12:34:55Z INFO Listener] Version: 2.333.1
[2026-04-02 12:34:55Z INFO Listener] Commit: 6792966801e8925346735b68c03bf9f347af4646
[2026-04-02 12:34:55Z INFO Listener] Culture: en-US
[2026-04-02 12:34:55Z INFO Listener] UI Culture: ko-KR
[2026-04-02 12:34:55Z INFO HostContext] Well known directory 'Bin': 'C:\Users\shlik\OneDrive\바탕 화면\antigravity\HW2\actions-runner\bin'
[2026-04-02 12:34:55Z INFO HostContext] Well known directory 'Root': 'C:\Users\shlik\OneDrive\바탕 화면\antigravity\HW2\actions-runner'
[2026-04-02 12:34:55Z INFO Listener] Validating directory permissions for: 'C:\Users\shlik\OneDrive\바탕 화면\antigravity\HW2\actions-runner'
[2026-04-02 12:34:55Z INFO CommandLineParser] Parse
[2026-04-02 12:34:55Z INFO CommandLineParser] Parsing 5 args
[2026-04-02 12:34:55Z INFO CommandLineParser] parsing argument
[2026-04-02 12:34:55Z INFO CommandLineParser] HasArgs: False
[2026-04-02 12:34:55Z INFO CommandLineParser] Adding Command: configure
[2026-04-02 12:34:55Z INFO CommandLineParser] parsing argument
[2026-04-02 12:34:55Z INFO CommandLineParser] HasArgs: True
[2026-04-02 12:34:55Z INFO CommandLineParser] arg: url
[2026-04-02 12:34:55Z INFO CommandLineParser] parsing argument
[2026-04-02 12:34:55Z INFO CommandLineParser] HasArgs: True
[2026-04-02 12:34:55Z INFO CommandLineParser] Adding option 'url': 'https://github.com/shlikefood/HW2'
[2026-04-02 12:34:55Z INFO CommandLineParser] parsing argument
[2026-04-02 12:34:55Z INFO CommandLineParser] HasArgs: True
[2026-04-02 12:34:55Z INFO CommandLineParser] arg: token
[2026-04-02 12:34:55Z INFO CommandLineParser] parsing argument
[2026-04-02 12:34:55Z INFO CommandLineParser] HasArgs: True
[2026-04-02 12:34:55Z INFO CommandLineParser] Adding option 'token': '***'
[2026-04-02 12:34:55Z INFO Listener] Arguments parsed
[2026-04-02 12:34:55Z INFO Runner] ExecuteCommand
[2026-04-02 12:34:55Z INFO ConfigurationStore] currentAssemblyLocation: C:\Users\shlik\OneDrive\바탕 화면\antigravity\HW2\actions-runner\bin\Runner.Listener.dll
[2026-04-02 12:34:55Z INFO HostContext] Well known directory 'Bin': 'C:\Users\shlik\OneDrive\바탕 화면\antigravity\HW2\actions-runner\bin'
[2026-04-02 12:34:55Z INFO ConfigurationStore] binPath: C:\Users\shlik\OneDrive\바탕 화면\antigravity\HW2\actions-runner\bin
[2026-04-02 12:34:55Z INFO HostContext] Well known directory 'Bin': 'C:\Users\shlik\OneDrive\바탕 화면\antigravity\HW2\actions-runner\bin'
[2026-04-02 12:34:55Z INFO HostContext] Well known directory 'Root': 'C:\Users\shlik\OneDrive\바탕 화면\antigravity\HW2\actions-runner'
[2026-04-02 12:34:55Z INFO ConfigurationStore] RootFolder: C:\Users\shlik\OneDrive\바탕 화면\antigravity\HW2\actions-runner
[2026-04-02 12:34:55Z INFO HostContext] Well known directory 'Bin': 'C:\Users\shlik\OneDrive\바탕 화면\antigravity\HW2\actions-runner\bin'
[2026-04-02 12:34:55Z INFO HostContext] Well known directory 'Root': 'C:\Users\shlik\OneDrive\바탕 화면\antigravity\HW2\actions-runner'
[2026-04-02 12:34:55Z INFO HostContext] Well known config file 'Runner': 'C:\Users\shlik\OneDrive\바탕 화면\antigravity\HW2\actions-runner\.runner'
[2026-04-02 12:34:55Z INFO ConfigurationStore] ConfigFilePath: C:\Users\shlik\OneDrive\바탕 화면\antigravity\HW2\actions-runner\.runner
[2026-04-02 12:34:55Z INFO HostContext] Well known directory 'Bin': 'C:\Users\shlik\OneDrive\바탕 화면\antigravity\HW2\actions-runner\bin'
[2026-04-02 12:34:55Z INFO HostContext] Well known directory 'Root': 'C:\Users\shlik\OneDrive\바탕 화면\antigravity\HW2\actions-runner'
[2026-04-02 12:34:55Z INFO HostContext] Well known config file 'MigratedRunner': 'C:\Users\shlik\OneDrive\바탕 화면\antigravity\HW2\actions-runner\.runner_migrated'
[2026-04-02 12:34:55Z INFO ConfigurationStore] MigratedConfigFilePath: C:\Users\shlik\OneDrive\바탕 화면\antigravity\HW2\actions-runner\.runner_migrated
[2026-04-02 12:34:55Z INFO HostContext] Well known directory 'Bin': 'C:\Users\shlik\OneDrive\바탕 화면\antigravity\HW2\actions-runner\bin'
[2026-04-02 12:34:55Z INFO HostContext] Well known directory 'Root': 'C:\Users\shlik\OneDrive\바탕 화면\antigravity\HW2\actions-runner'
[2026-04-02 12:34:55Z INFO HostContext] Well known config file 'Credentials': 'C:\Users\shlik\OneDrive\바탕 화면\antigravity\HW2\actions-runner\.credentials'
[2026-04-02 12:34:55Z INFO ConfigurationStore] CredFilePath: C:\Users\shlik\OneDrive\바탕 화면\antigravity\HW2\actions-runner\.credentials
[2026-04-02 12:34:55Z INFO HostContext] Well known directory 'Bin': 'C:\Users\shlik\OneDrive\바탕 화면\antigravity\HW2\actions-runner\bin'
[2026-04-02 12:34:55Z INFO HostContext] Well known directory 'Root': 'C:\Users\shlik\OneDrive\바탕 화면\antigravity\HW2\actions-runner'
[2026-04-02 12:34:55Z INFO HostContext] Well known config file 'MigratedCredentials': 'C:\Users\shlik\OneDrive\바탕 화면\antigravity\HW2\actions-runner\.credentials_migrated'
[2026-04-02 12:34:55Z INFO ConfigurationStore] MigratedCredFilePath: C:\Users\shlik\OneDrive\바탕 화면\antigravity\HW2\actions-runner\.credentials_migrated
[2026-04-02 12:34:55Z INFO HostContext] Well known directory 'Bin': 'C:\Users\shlik\OneDrive\바탕 화면\antigravity\HW2\actions-runner\bin'
[2026-04-02 12:34:55Z INFO HostContext] Well known directory 'Root': 'C:\Users\shlik\OneDrive\바탕 화면\antigravity\HW2\actions-runner'
[2026-04-02 12:34:55Z INFO HostContext] Well known config file 'Service': 'C:\Users\shlik\OneDrive\바탕 화면\antigravity\HW2\actions-runner\.service'
[2026-04-02 12:34:55Z INFO ConfigurationStore] ServiceConfigFilePath: C:\Users\shlik\OneDrive\바탕 화면\antigravity\HW2\actions-runner\.service
[2026-04-02 12:34:55Z INFO CommandSettings] Flag 'help': 'False'
[2026-04-02 12:34:55Z INFO CommandSettings] Flag 'version': 'False'
[2026-04-02 12:34:55Z INFO CommandSettings] Flag 'commit': 'False'
[2026-04-02 12:34:55Z INFO CommandSettings] Flag 'check': 'False'
[2026-04-02 12:34:55Z INFO CommandSettings] Command 'configure': 'True'
[2026-04-02 12:34:55Z INFO Terminal] WRITE LINE: 
[2026-04-02 12:34:55Z INFO Terminal] WRITE LINE: --------------------------------------------------------------------------------
[2026-04-02 12:34:55Z INFO Terminal] WRITE LINE: |        ____ _ _   _   _       _          _        _   _                      |
[2026-04-02 12:34:55Z INFO Terminal] WRITE LINE: |       / ___(_) |_| | | |_   _| |__      / \   ___| |_(_) ___  _ __  ___      |
[2026-04-02 12:34:55Z INFO Terminal] WRITE LINE: |      | |  _| | __| |_| | | | | '_ \    / _ \ / __| __| |/ _ \| '_ \/ __|     |
[2026-04-02 12:34:55Z INFO Terminal] WRITE LINE: |      | |_| | | |_|  _  | |_| | |_) |  / ___ \ (__| |_| | (_) | | | \__ \     |
[2026-04-02 12:34:55Z INFO Terminal] WRITE LINE: |       \____|_|\__|_| |_|\__,_|_.__/  /_/   \_\___|\__|_|\___/|_| |_|___/     |
[2026-04-02 12:34:55Z INFO Terminal] WRITE LINE: |                                                                              |
[2026-04-02 12:34:55Z INFO Terminal] WRITE: |                       
[2026-04-02 12:34:55Z INFO Terminal] WRITE: Self-hosted runner registration
[2026-04-02 12:34:55Z INFO Terminal] WRITE LINE:                         |
[2026-04-02 12:34:55Z INFO Terminal] WRITE LINE: |                                                                              |
[2026-04-02 12:34:55Z INFO Terminal] WRITE LINE: --------------------------------------------------------------------------------
[2026-04-02 12:34:55Z INFO ConfigurationManager] ConfigureAsync
[2026-04-02 12:34:55Z INFO CommandSettings] Flag 'generateServiceConfig': 'False'
[2026-04-02 12:34:55Z INFO ConfigurationStore] IsConfigured()
[2026-04-02 12:34:55Z INFO ConfigurationStore] IsConfigured: False
[2026-04-02 12:34:55Z INFO ConfigurationManager] Is configured: False
[2026-04-02 12:34:55Z INFO CommandSettings] Arg 'url': 'https://github.com/shlikefood/HW2'
[2026-04-02 12:34:55Z INFO CommandSettings] Remove url from Arg dictionary.
[2026-04-02 12:34:55Z INFO CommandSettings] Arg 'token': '***'
[2026-04-02 12:34:55Z INFO CommandSettings] Remove token from Arg dictionary.
[2026-04-02 12:34:56Z INFO ConfigurationManager] Http response code: OK from 'POST https://api.github.com/actions/runner-registration' (D3B9:1F18E5:84C510:9BF1C3:69CE626F)
[2026-04-02 12:34:56Z INFO ConfigurationManager] Using runner-admin flow: False
[2026-04-02 12:34:56Z INFO ConfigurationManager] cred retrieved via GitHub auth
[2026-04-02 12:34:56Z INFO RunnerServer] EstablishVssConnection
[2026-04-02 12:34:56Z INFO RunnerServer] Establish connection with 100 seconds timeout.
[2026-04-02 12:34:56Z INFO GitHubActionsService] Starting operation Location.GetConnectionData
[2026-04-02 12:34:56Z INFO RunnerServer] EstablishVssConnection
[2026-04-02 12:34:56Z INFO RunnerServer] Establish connection with 60 seconds timeout.
[2026-04-02 12:34:56Z INFO GitHubActionsService] Starting operation Location.GetConnectionData
[2026-04-02 12:34:56Z INFO RunnerServer] EstablishVssConnection
[2026-04-02 12:34:56Z INFO RunnerServer] Establish connection with 60 seconds timeout.
[2026-04-02 12:34:56Z INFO GitHubActionsService] Starting operation Location.GetConnectionData
[2026-04-02 12:34:57Z INFO GitHubActionsService] Finished operation Location.GetConnectionData
[2026-04-02 12:34:57Z INFO GitHubActionsService] Finished operation Location.GetConnectionData
[2026-04-02 12:34:57Z INFO GitHubActionsService] Finished operation Location.GetConnectionData
[2026-04-02 12:34:57Z INFO Terminal] WRITE LINE: 
[2026-04-02 12:34:57Z INFO ConfigurationManager] Test Connection complete.
[2026-04-02 12:34:57Z INFO HostContext] Well known directory 'Bin': 'C:\Users\shlik\OneDrive\바탕 화면\antigravity\HW2\actions-runner\bin'
[2026-04-02 12:34:57Z INFO HostContext] Well known directory 'Root': 'C:\Users\shlik\OneDrive\바탕 화면\antigravity\HW2\actions-runner'
[2026-04-02 12:34:57Z INFO HostContext] Well known config file 'RSACredentials': 'C:\Users\shlik\OneDrive\바탕 화면\antigravity\HW2\actions-runner\.credentials_rsaparams'
[2026-04-02 12:34:57Z INFO RSAEncryptedFileKeyManager] Found existing RSA key parameters file C:\Users\shlik\OneDrive\바탕 화면\antigravity\HW2\actions-runner\.credentials_rsaparams
[2026-04-02 12:34:57Z INFO CommandSettings] Arg 'runnergroup': ''
[2026-04-02 12:34:57Z INFO CommandSettings] Flag 'unattended': 'False'
[2026-04-02 12:34:57Z INFO PromptManager] ReadValue
[2026-04-02 12:34:57Z INFO Terminal] WRITE: Enter the name of the runner group to add this runner to: 
[2026-04-02 12:34:57Z INFO Terminal] WRITE: [press Enter for Default] 
[2026-04-02 12:34:57Z INFO Terminal] READ LINE
[2026-04-02 12:34:59Z INFO Terminal] Read value: ''
[2026-04-02 12:34:59Z INFO PromptManager] Falling back to the default: 'Default'
[2026-04-02 12:34:59Z INFO Terminal] WRITE LINE: 
[2026-04-02 12:34:59Z INFO ConfigurationManager] Found a self-hosted runner group with id 1 and name Default
[2026-04-02 12:34:59Z INFO CommandSettings] Flag 'disableupdate': 'False'
[2026-04-02 12:34:59Z INFO CommandSettings] Flag 'ephemeral': 'False'
[2026-04-02 12:34:59Z INFO CommandSettings] Arg 'name': ''
[2026-04-02 12:34:59Z INFO CommandSettings] Flag 'unattended': 'False'
[2026-04-02 12:34:59Z INFO PromptManager] ReadValue
[2026-04-02 12:34:59Z INFO Terminal] WRITE: Enter the name of runner: 
[2026-04-02 12:34:59Z INFO Terminal] WRITE: [press Enter for WIN-1JEN9TJ7OK5] 
[2026-04-02 12:34:59Z INFO Terminal] READ LINE
[2026-04-02 12:35:00Z INFO Terminal] Read value: ''
[2026-04-02 12:35:00Z INFO PromptManager] Falling back to the default: 'WIN-1JEN9TJ7OK5'
[2026-04-02 12:35:00Z INFO Terminal] WRITE LINE: 
[2026-04-02 12:35:00Z INFO CommandSettings] Arg 'labels': ''
[2026-04-02 12:35:00Z INFO CommandSettings] Flag 'unattended': 'False'
[2026-04-02 12:35:00Z INFO PromptManager] ReadValue
[2026-04-02 12:35:00Z INFO Terminal] WRITE: This runner will have the following labels: 'self-hosted', 'Windows', 'X64' 
Enter any additional labels (ex. label-1,label-2): 
[2026-04-02 12:35:00Z INFO Terminal] WRITE: [press Enter to skip] 
[2026-04-02 12:35:00Z INFO Terminal] READ LINE
[2026-04-02 12:35:02Z INFO Terminal] Read value: ''
[2026-04-02 12:35:02Z INFO Terminal] WRITE LINE: 
[2026-04-02 12:35:03Z INFO CommandSettings] Flag 'disableupdate': 'False'
[2026-04-02 12:35:03Z INFO CommandSettings] Flag 'no-default-labels': 'False'
[2026-04-02 12:35:03Z INFO CommandSettings] Flag 'disableupdate': 'False'
[2026-04-02 12:35:03Z INFO CommandSettings] Flag 'ephemeral': 'False'
[2026-04-02 12:35:03Z INFO ConfigurationStore] Saving OAuth credential @ C:\Users\shlik\OneDrive\바탕 화면\antigravity\HW2\actions-runner\.credentials
[2026-04-02 12:35:03Z INFO ConfigurationStore] Credentials Saved.
[2026-04-02 12:35:03Z INFO ConfigurationManager] Service enforced serverUrlV2: https://broker.actions.githubusercontent.com/
[2026-04-02 12:35:03Z INFO ConfigurationManager] Service enforced useV2Flow: True
[2026-04-02 12:35:03Z INFO CommandSettings] Arg 'work': ''
[2026-04-02 12:35:03Z INFO CommandSettings] Flag 'unattended': 'False'
[2026-04-02 12:35:03Z INFO PromptManager] ReadValue
[2026-04-02 12:35:03Z INFO Terminal] WRITE: Enter name of work folder: 
[2026-04-02 12:35:03Z INFO Terminal] WRITE: [press Enter for _work] 
[2026-04-02 12:35:03Z INFO Terminal] READ LINE
[2026-04-02 12:35:07Z INFO Terminal] Read value: ''
[2026-04-02 12:35:07Z INFO PromptManager] Falling back to the default: '_work'
[2026-04-02 12:35:07Z INFO ConfigurationStore] Saving runner settings.
[2026-04-02 12:35:07Z INFO ConfigurationStore] Settings Saved.
[2026-04-02 12:35:07Z INFO Terminal] WRITE LINE: 
[2026-04-02 12:35:07Z INFO Terminal] WRITE LINE: 
[2026-04-02 12:35:07Z INFO CommandSettings] Flag 'runasservice': 'False'
[2026-04-02 12:35:07Z INFO CommandSettings] Flag 'unattended': 'False'
[2026-04-02 12:35:07Z INFO PromptManager] ReadValue
[2026-04-02 12:35:07Z INFO Terminal] WRITE: Would you like to run the runner as service? (Y/N) 
[2026-04-02 12:35:07Z INFO Terminal] WRITE: [press Enter for N] 
[2026-04-02 12:35:07Z INFO Terminal] READ LINE
[2026-04-02 12:35:13Z INFO Terminal] Read value: 'y'
[2026-04-02 12:35:13Z INFO ConfigurationManager] Configuring to run the agent as service
[2026-04-02 12:35:13Z ERR  WindowsServiceControlManager] Needs Administrator privileges for configure runner as windows service.
[2026-04-02 12:35:13Z ERR  Runner] System.Security.SecurityException: Needs Administrator privileges for configuring runner as windows service.
   at GitHub.Runner.Listener.Configuration.WindowsServiceControlManager.ConfigureService(RunnerSettings settings, CommandSettings command)
   at GitHub.Runner.Listener.Configuration.ConfigurationManager.ConfigureAsync(CommandSettings command)
   at GitHub.Runner.Listener.Runner.ExecuteCommand(CommandSettings command)
[2026-04-02 12:35:13Z ERR  Terminal] WRITE ERROR: Needs Administrator privileges for configuring runner as windows service.
[2026-04-02 12:35:13Z INFO Listener] Runner execution has finished with return code 1
